<?xml version="1.0" encoding="UTF-8"?>
<!-- Generated by org.testng.reporters.JUnitReportReporter -->
<testsuite hostname="LAPTOP-VHVFPE64" failures="0" tests="1" name="extent_report.A" time="0.021" errors="0" timestamp="2024-09-16T16:03:40 IST" skipped="0">
  <testcase classname="extent_report.A" name="Verifypage" time="0.021"/>
  <system-out/>
</testsuite> <!-- extent_report.A -->
